{"total": {"lines":{"total":508,"covered":253,"skipped":0,"pct":49.8},"statements":{"total":557,"covered":284,"skipped":0,"pct":50.98},"functions":{"total":104,"covered":51,"skipped":0,"pct":49.03},"branches":{"total":290,"covered":76,"skipped":0,"pct":26.2},"branchesTrue":{"total":0,"covered":0,"skipped":0,"pct":100}}
,"/mnt/ext2/code/prompts/github/forks/tiptap-table-plus/src/TableCommandExtension.ts": {"lines":{"total":12,"covered":12,"skipped":0,"pct":100},"functions":{"total":5,"covered":5,"skipped":0,"pct":100},"statements":{"total":12,"covered":12,"skipped":0,"pct":100},"branches":{"total":2,"covered":2,"skipped":0,"pct":100}}
,"/mnt/ext2/code/prompts/github/forks/tiptap-table-plus/src/TablePlus.ts": {"lines":{"total":8,"covered":7,"skipped":0,"pct":87.5},"functions":{"total":1,"covered":0,"skipped":0,"pct":0},"statements":{"total":8,"covered":7,"skipped":0,"pct":87.5},"branches":{"total":0,"covered":0,"skipped":0,"pct":100}}
,"/mnt/ext2/code/prompts/github/forks/tiptap-table-plus/src/commands/duplicateColumn.ts": {"lines":{"total":9,"covered":9,"skipped":0,"pct":100},"functions":{"total":1,"covered":1,"skipped":0,"pct":100},"statements":{"total":10,"covered":10,"skipped":0,"pct":100},"branches":{"total":5,"covered":5,"skipped":0,"pct":100}}
,"/mnt/ext2/code/prompts/github/forks/tiptap-table-plus/src/commands/duplicateRow.ts": {"lines":{"total":9,"covered":9,"skipped":0,"pct":100},"functions":{"total":1,"covered":1,"skipped":0,"pct":100},"statements":{"total":10,"covered":10,"skipped":0,"pct":100},"branches":{"total":5,"covered":5,"skipped":0,"pct":100}}
,"/mnt/ext2/code/prompts/github/forks/tiptap-table-plus/src/pagination/TableCellPlus.ts": {"lines":{"total":23,"covered":3,"skipped":0,"pct":13.04},"functions":{"total":5,"covered":0,"skipped":0,"pct":0},"statements":{"total":24,"covered":3,"skipped":0,"pct":12.5},"branches":{"total":12,"covered":0,"skipped":0,"pct":0}}
,"/mnt/ext2/code/prompts/github/forks/tiptap-table-plus/src/pagination/TableHeaderPlus.ts": {"lines":{"total":23,"covered":3,"skipped":0,"pct":13.04},"functions":{"total":5,"covered":0,"skipped":0,"pct":0},"statements":{"total":24,"covered":3,"skipped":0,"pct":12.5},"branches":{"total":12,"covered":0,"skipped":0,"pct":0}}
,"/mnt/ext2/code/prompts/github/forks/tiptap-table-plus/src/pagination/TablePlus.ts": {"lines":{"total":100,"covered":11,"skipped":0,"pct":11},"functions":{"total":21,"covered":1,"skipped":0,"pct":4.76},"statements":{"total":108,"covered":11,"skipped":0,"pct":10.18},"branches":{"total":85,"covered":4,"skipped":0,"pct":4.7}}
,"/mnt/ext2/code/prompts/github/forks/tiptap-table-plus/src/pagination/TablePlusNodeView.ts": {"lines":{"total":134,"covered":97,"skipped":0,"pct":72.38},"functions":{"total":26,"covered":19,"skipped":0,"pct":73.07},"statements":{"total":139,"covered":101,"skipped":0,"pct":72.66},"branches":{"total":47,"covered":24,"skipped":0,"pct":51.06}}
,"/mnt/ext2/code/prompts/github/forks/tiptap-table-plus/src/pagination/TableRowGroup.ts": {"lines":{"total":100,"covered":40,"skipped":0,"pct":40},"functions":{"total":22,"covered":9,"skipped":0,"pct":40.9},"statements":{"total":116,"covered":52,"skipped":0,"pct":44.82},"branches":{"total":42,"covered":13,"skipped":0,"pct":30.95}}
,"/mnt/ext2/code/prompts/github/forks/tiptap-table-plus/src/pagination/TableRowPlus.ts": {"lines":{"total":9,"covered":3,"skipped":0,"pct":33.33},"functions":{"total":2,"covered":0,"skipped":0,"pct":0},"statements":{"total":9,"covered":3,"skipped":0,"pct":33.33},"branches":{"total":0,"covered":0,"skipped":0,"pct":100}}
,"/mnt/ext2/code/prompts/github/forks/tiptap-table-plus/src/utilities/addDuplicateColumn.ts": {"lines":{"total":17,"covered":4,"skipped":0,"pct":23.52},"functions":{"total":1,"covered":1,"skipped":0,"pct":100},"statements":{"total":18,"covered":4,"skipped":0,"pct":22.22},"branches":{"total":22,"covered":2,"skipped":0,"pct":9.09}}
,"/mnt/ext2/code/prompts/github/forks/tiptap-table-plus/src/utilities/addDuplicateRow.ts": {"lines":{"total":18,"covered":9,"skipped":0,"pct":50},"functions":{"total":1,"covered":1,"skipped":0,"pct":100},"statements":{"total":23,"covered":13,"skipped":0,"pct":56.52},"branches":{"total":37,"covered":2,"skipped":0,"pct":5.4}}
,"/mnt/ext2/code/prompts/github/forks/tiptap-table-plus/src/utilities/utils.ts": {"lines":{"total":46,"covered":46,"skipped":0,"pct":100},"functions":{"total":13,"covered":13,"skipped":0,"pct":100},"statements":{"total":56,"covered":55,"skipped":0,"pct":98.21},"branches":{"total":21,"covered":19,"skipped":0,"pct":90.47}}
}
